2026-07-02 23:05:21,235 INFO PHASE 1 (day-index scan): 366/366 days remaining
2026-07-02 23:05:57,195 INFO Time budget hit mid-scan (63/366 this run)
2026-07-02 23:05:57,199 INFO Day-index scan progress: 63/366 days scanned, 0 unique article URLs found so far
2026-07-02 23:05:57,199 INFO Run out of time this call. Re-run the same command to continue.
2026-07-02 23:05:57,422 INFO PHASE 1 (day-index scan): 303/366 days remaining
2026-07-02 23:06:01,806 WARNING day scan failed 2000-04-12: Couldn't find a tree builder with the features you requested: lxml. Do you need to install a parser library?
2026-07-02 23:06:32,852 INFO Time budget hit mid-scan (71/303 this run)
2026-07-02 23:06:32,855 INFO Day-index scan progress: 133/365 days scanned, 0 unique article URLs found so far
2026-07-02 23:06:32,855 INFO Run out of time this call. Re-run the same command to continue.
2026-07-02 23:06:33,081 INFO PHASE 1 (day-index scan): 233/366 days remaining
2026-07-02 23:06:34,059 WARNING day scan failed 2000-04-12: Couldn't find a tree builder with the features you requested: lxml. Do you need to install a parser library?
2026-07-02 23:06:34,210 WARNING day scan failed 2000-05-03: Couldn't find a tree builder with the features you requested: lxml. Do you need to install a parser library?
2026-07-02 23:06:34,401 WARNING day scan failed 2000-05-17: Couldn't find a tree builder with the features you requested: lxml. Do you need to install a parser library?
2026-07-02 23:06:47,728 WARNING day scan failed 2000-06-07: Couldn't find a tree builder with the features you requested: lxml. Do you need to install a parser library?
2026-07-02 23:06:48,993 WARNING day scan failed 2000-05-10: Couldn't find a tree builder with the features you requested: lxml. Do you need to install a parser library?
2026-07-02 23:06:55,536 WARNING day scan failed 2000-08-09: Couldn't find a tree builder with the features you requested: lxml. Do you need to install a parser library?
2026-07-02 23:07:08,209 INFO Time budget hit mid-scan (79/233 this run)
2026-07-02 23:07:08,212 INFO Day-index scan progress: 206/360 days scanned, 0 unique article URLs found so far
2026-07-02 23:07:08,212 INFO Run out of time this call. Re-run the same command to continue.
2026-07-02 23:07:08,418 INFO PHASE 1 (day-index scan): 160/366 days remaining
2026-07-02 23:07:09,315 WARNING day scan failed 2000-08-02: Couldn't find a tree builder with the features you requested: lxml. Do you need to install a parser library?
2026-07-02 23:07:09,316 WARNING day scan failed 2000-04-12: Couldn't find a tree builder with the features you requested: lxml. Do you need to install a parser library?
2026-07-02 23:07:09,474 WARNING day scan failed 2000-05-03: Couldn't find a tree builder with the features you requested: lxml. Do you need to install a parser library?
2026-07-02 23:07:09,527 WARNING day scan failed 2000-06-07: Couldn't find a tree builder with the features you requested: lxml. Do you need to install a parser library?
2026-07-02 23:07:11,441 WARNING day scan failed 2000-05-10: Couldn't find a tree builder with the features you requested: lxml. Do you need to install a parser library?
2026-07-02 23:07:11,678 WARNING day scan failed 2000-05-17: Couldn't find a tree builder with the features you requested: lxml. Do you need to install a parser library?
2026-07-02 23:07:12,460 WARNING day scan failed 2000-08-09: Couldn't find a tree builder with the features you requested: lxml. Do you need to install a parser library?
2026-07-02 23:07:34,591 WARNING day scan failed 2000-10-04: Couldn't find a tree builder with the features you requested: lxml. Do you need to install a parser library?
2026-07-02 23:07:44,033 INFO Time budget hit mid-scan (51/160 this run)
2026-07-02 23:07:44,038 INFO Day-index scan progress: 249/358 days scanned, 0 unique article URLs found so far
2026-07-02 23:07:44,038 INFO Run out of time this call. Re-run the same command to continue.
2026-07-02 23:07:44,306 INFO PHASE 1 (day-index scan): 117/366 days remaining
2026-07-02 23:07:45,311 WARNING day scan failed 2000-08-09: Couldn't find a tree builder with the features you requested: lxml. Do you need to install a parser library?
2026-07-02 23:07:45,494 WARNING day scan failed 2000-05-17: Couldn't find a tree builder with the features you requested: lxml. Do you need to install a parser library?
2026-07-02 23:07:45,532 WARNING day scan failed 2000-05-03: Couldn't find a tree builder with the features you requested: lxml. Do you need to install a parser library?
2026-07-02 23:07:45,535 WARNING day scan failed 2000-04-12: Couldn't find a tree builder with the features you requested: lxml. Do you need to install a parser library?
2026-07-02 23:07:45,554 WARNING day scan failed 2000-06-07: Couldn't find a tree builder with the features you requested: lxml. Do you need to install a parser library?
2026-07-02 23:07:45,586 WARNING day scan failed 2000-10-04: Couldn't find a tree builder with the features you requested: lxml. Do you need to install a parser library?
2026-07-02 23:07:45,690 WARNING day scan failed 2000-08-02: Couldn't find a tree builder with the features you requested: lxml. Do you need to install a parser library?
2026-07-02 23:07:45,759 WARNING day scan failed 2000-05-10: Couldn't find a tree builder with the features you requested: lxml. Do you need to install a parser library?
2026-07-02 23:08:00,108 WARNING day scan failed 2000-09-13: Couldn't find a tree builder with the features you requested: lxml. Do you need to install a parser library?
2026-07-02 23:08:00,174 WARNING day scan failed 2000-10-18: Couldn't find a tree builder with the features you requested: lxml. Do you need to install a parser library?
2026-07-02 23:08:20,122 INFO Time budget hit mid-scan (72/117 this run)
2026-07-02 23:08:20,124 INFO Day-index scan progress: 311/356 days scanned, 0 unique article URLs found so far
2026-07-02 23:08:20,124 INFO Run out of time this call. Re-run the same command to continue.
2026-07-02 23:08:20,404 INFO PHASE 1 (day-index scan): 55/366 days remaining
2026-07-02 23:08:56,705 INFO Time budget hit mid-scan (41/55 this run)
2026-07-02 23:08:56,708 INFO Day-index scan progress: 352/366 days scanned, 0 unique article URLs found so far
2026-07-02 23:08:56,708 INFO Run out of time this call. Re-run the same command to continue.
2026-07-02 23:08:56,941 INFO PHASE 1 (day-index scan): 14/366 days remaining
2026-07-02 23:09:14,761 INFO Day-index scan progress: 366/366 days scanned, 0 unique article URLs found so far
2026-07-02 23:09:14,762 INFO PHASE 1 complete: 366 days scanned, 0 unique article URLs total
2026-07-02 23:09:14,769 INFO PHASE 2 (article fetch): 0 already stored, 0 remaining
2026-07-02 23:09:14,769 INFO ALL DONE. Total articles in DB: 0
2026-07-02 23:09:15,160 INFO PHASE 1 (day-index scan): 365/365 days remaining
2026-07-02 23:09:50,748 INFO Time budget hit mid-scan (41/365 this run)
2026-07-02 23:09:50,752 INFO Day-index scan progress: 41/365 days scanned, 0 unique article URLs found so far
2026-07-02 23:09:50,752 INFO Run out of time this call. Re-run the same command to continue.
2026-07-02 23:09:50,985 INFO PHASE 1 (day-index scan): 324/365 days remaining
2026-07-02 23:10:26,694 INFO Time budget hit mid-scan (41/324 this run)
2026-07-02 23:10:26,703 INFO Day-index scan progress: 82/365 days scanned, 0 unique article URLs found so far
2026-07-02 23:10:26,703 INFO Run out of time this call. Re-run the same command to continue.
2026-07-02 23:10:27,074 INFO PHASE 1 (day-index scan): 283/365 days remaining
